build/app/intermediates/manifest_merge_blame_file/debug/manifest-merger-blame-debug-report.txt
1<?xml version="1.0" encoding="utf-8"?>
2<manifest xmlns:android="http://schemas.android.com/apk/res/android"
3    package="com.example.base_project"
4    android:versionCode="1"
5    android:versionName="1.0.0" >
6
7    <uses-sdk
8        android:minSdkVersion="21"
9        android:targetSdkVersion="34" />
10    <!--
11         The INTERNET permission is required for development. Specifically,
12         the Flutter tool needs it to communicate with the running application
13         to allow setting breakpoints, to provide hot reload, etc.
14    -->
15    <uses-permission android:name="android.permission.INTERNET" />
15-->src\main\AndroidManifest.xml:3:5-66
15-->src\main\AndroidManifest.xml:3:22-64
16    <!-- Always include this permission -->
17    <uses-permission android:name="android.permission.ACCESS_COARSE_LOCATION" /> <!-- Include only if your app benefits from precise location access. -->
17-->src\main\AndroidManifest.xml:5:5-81
17-->src\main\AndroidManifest.xml:5:22-78
18    <uses-permission android:name="android.permission.ACCESS_FINE_LOCATION" /> <!-- Required only if your app needs to access images or photos that other apps created. -->
18-->src\main\AndroidManifest.xml:7:5-79
18-->src\main\AndroidManifest.xml:7:22-76
19    <uses-permission android:name="android.permission.READ_MEDIA_IMAGES" />
19-->src\main\AndroidManifest.xml:9:5-76
19-->src\main\AndroidManifest.xml:9:22-73
20    <uses-permission android:name="android.permission.READ_EXTERNAL_STORAGE" />
20-->src\main\AndroidManifest.xml:10:5-79
20-->src\main\AndroidManifest.xml:10:22-77
21    <uses-permission android:name="android.permission.ACCESS_FINE_LOCATION" />
21-->src\main\AndroidManifest.xml:7:5-79
21-->src\main\AndroidManifest.xml:7:22-76
22    <uses-permission android:name="android.permission.ACCESS_COARSE_LOCATION" />
22-->src\main\AndroidManifest.xml:5:5-81
22-->src\main\AndroidManifest.xml:5:22-78
23    <!--
24 Required to query activities that can process text, see:
25         https://developer.android.com/training/package-visibility and
26         https://developer.android.com/reference/android/content/Intent#ACTION_PROCESS_TEXT.
27
28         In particular, this is used by the Flutter engine in io.flutter.plugin.text.ProcessTextPlugin.
29    -->
30    <queries>
30-->src\main\AndroidManifest.xml:53:5-58:15
31        <intent>
31-->src\main\AndroidManifest.xml:54:9-57:18
32            <action android:name="android.intent.action.PROCESS_TEXT" />
32-->src\main\AndroidManifest.xml:55:13-72
32-->src\main\AndroidManifest.xml:55:21-70
33
34            <data android:mimeType="text/plain" />
34-->src\main\AndroidManifest.xml:56:13-50
34-->src\main\AndroidManifest.xml:56:19-48
35        </intent>
36        <!-- Needs to be explicitly declared on Android R+ -->
37        <package android:name="com.google.android.apps.maps" />
37-->[com.google.android.gms:play-services-maps:18.2.0] AndroidManifest.xml:33:9-64
37-->[com.google.android.gms:play-services-maps:18.2.0] AndroidManifest.xml:33:18-61
38    </queries> <!-- Include required permissions for Google Maps API to run. -->
39    <uses-permission android:name="android.permission.ACCESS_NETWORK_STATE" />
39-->[com.google.android.gms:play-services-maps:18.2.0] AndroidManifest.xml:23:5-79
39-->[com.google.android.gms:play-services-maps:18.2.0] AndroidManifest.xml:23:22-76
40
41    <uses-feature
41-->[com.google.android.gms:play-services-maps:18.2.0] AndroidManifest.xml:26:5-28:35
42        android:glEsVersion="0x00020000"
42-->[com.google.android.gms:play-services-maps:18.2.0] AndroidManifest.xml:27:9-41
43        android:required="true" />
43-->[com.google.android.gms:play-services-maps:18.2.0] AndroidManifest.xml:28:9-32
44
45    <permission
45-->[androidx.core:core:1.13.1] AndroidManifest.xml:22:5-24:47
46        android:name="com.example.base_project.DYNAMIC_RECEIVER_NOT_EXPORTED_PERMISSION"
46-->[androidx.core:core:1.13.1] AndroidManifest.xml:23:9-81
47        android:protectionLevel="signature" />
47-->[androidx.core:core:1.13.1] AndroidManifest.xml:24:9-44
48
49    <uses-permission android:name="com.example.base_project.DYNAMIC_RECEIVER_NOT_EXPORTED_PERMISSION" />
49-->[androidx.core:core:1.13.1] AndroidManifest.xml:26:5-97
49-->[androidx.core:core:1.13.1] AndroidManifest.xml:26:22-94
50
51    <application
52        android:name="android.app.Application"
53        android:appComponentFactory="androidx.core.app.CoreComponentFactory"
53-->[androidx.core:core:1.13.1] AndroidManifest.xml:28:18-86
54        android:debuggable="true"
55        android:icon="@mipmap/launcher_icon"
56        android:label="base_project" >
57        <activity
58            android:name="com.example.base_project.MainActivity"
59            android:configChanges="orientation|keyboardHidden|keyboard|screenSize|smallestScreenSize|locale|layoutDirection|fontScale|screenLayout|density|uiMode"
60            android:exported="true"
61            android:hardwareAccelerated="true"
62            android:launchMode="singleTop"
63            android:taskAffinity=""
64            android:theme="@style/LaunchTheme"
65            android:windowSoftInputMode="adjustResize" >
66
67            <!--
68                 Specifies an Android theme to apply to this Activity as soon as
69                 the Android process has started. This theme is visible to the user
70                 while the Flutter UI initializes. After that, this theme continues
71                 to determine the Window background behind the Flutter UI.
72            -->
73            <meta-data
74                android:name="io.flutter.embedding.android.NormalTheme"
75                android:resource="@style/NormalTheme" />
76
77            <intent-filter>
78                <action android:name="android.intent.action.MAIN" />
79
80                <category android:name="android.intent.category.LAUNCHER" />
81            </intent-filter>
82        </activity>
83        <!--
84             Don't delete the meta-data below.
85             This is used by the Flutter tool to generate GeneratedPluginRegistrant.java
86        -->
87        <meta-data
88            android:name="flutterEmbedding"
89            android:value="2" />
90        <meta-data
91            android:name="com.google.android.geo.API_KEY"
92            android:value="AIzaSyC0Oe6EmSTYIAMSYXKXCL8OAriIj99qVEQ" />
93
94        <provider
94-->[:image_picker_android] AndroidManifest.xml:11:9-19:20
95            android:name="io.flutter.plugins.imagepicker.ImagePickerFileProvider"
95-->[:image_picker_android] AndroidManifest.xml:12:13-82
96            android:authorities="com.example.base_project.flutter.image_provider"
96-->[:image_picker_android] AndroidManifest.xml:13:13-74
97            android:exported="false"
97-->[:image_picker_android] AndroidManifest.xml:14:13-37
98            android:grantUriPermissions="true" >
98-->[:image_picker_android] AndroidManifest.xml:15:13-47
99            <meta-data
99-->[:image_picker_android] AndroidManifest.xml:16:13-18:75
100                android:name="android.support.FILE_PROVIDER_PATHS"
100-->[:image_picker_android] AndroidManifest.xml:17:17-67
101                android:resource="@xml/flutter_image_picker_file_paths" />
101-->[:image_picker_android] AndroidManifest.xml:18:17-72
102        </provider> <!-- Trigger Google Play services to install the backported photo picker module. -->
103        <service
103-->[:image_picker_android] AndroidManifest.xml:21:9-33:19
104            android:name="com.google.android.gms.metadata.ModuleDependencies"
104-->[:image_picker_android] AndroidManifest.xml:22:13-78
105            android:enabled="false"
105-->[:image_picker_android] AndroidManifest.xml:23:13-36
106            android:exported="false" >
106-->[:image_picker_android] AndroidManifest.xml:24:13-37
107            <intent-filter>
107-->[:image_picker_android] AndroidManifest.xml:26:13-28:29
108                <action android:name="com.google.android.gms.metadata.MODULE_DEPENDENCIES" />
108-->[:image_picker_android] AndroidManifest.xml:27:17-94
108-->[:image_picker_android] AndroidManifest.xml:27:25-91
109            </intent-filter>
110
111            <meta-data
111-->[:image_picker_android] AndroidManifest.xml:30:13-32:36
112                android:name="photopicker_activity:0:required"
112-->[:image_picker_android] AndroidManifest.xml:31:17-63
113                android:value="" />
113-->[:image_picker_android] AndroidManifest.xml:32:17-33
114        </service>
115        <service
115-->[:geolocator_android] AndroidManifest.xml:10:9-14:56
116            android:name="com.baseflow.geolocator.GeolocatorLocationService"
116-->[:geolocator_android] AndroidManifest.xml:11:13-77
117            android:enabled="true"
117-->[:geolocator_android] AndroidManifest.xml:12:13-35
118            android:exported="false"
118-->[:geolocator_android] AndroidManifest.xml:13:13-37
119            android:foregroundServiceType="location" />
119-->[:geolocator_android] AndroidManifest.xml:14:13-53
120
121        <uses-library
121-->[androidx.window:window:1.2.0] AndroidManifest.xml:23:9-25:40
122            android:name="androidx.window.extensions"
122-->[androidx.window:window:1.2.0] AndroidManifest.xml:24:13-54
123            android:required="false" />
123-->[androidx.window:window:1.2.0] AndroidManifest.xml:25:13-37
124        <uses-library
124-->[androidx.window:window:1.2.0] AndroidManifest.xml:26:9-28:40
125            android:name="androidx.window.sidecar"
125-->[androidx.window:window:1.2.0] AndroidManifest.xml:27:13-51
126            android:required="false" /> <!-- Needs to be explicitly declared on P+ -->
126-->[androidx.window:window:1.2.0] AndroidManifest.xml:28:13-37
127        <uses-library
127-->[com.google.android.gms:play-services-maps:18.2.0] AndroidManifest.xml:39:9-41:40
128            android:name="org.apache.http.legacy"
128-->[com.google.android.gms:play-services-maps:18.2.0] AndroidManifest.xml:40:13-50
129            android:required="false" />
129-->[com.google.android.gms:play-services-maps:18.2.0] AndroidManifest.xml:41:13-37
130
131        <activity
131-->[com.google.android.gms:play-services-base:18.3.0] AndroidManifest.xml:20:9-22:45
132            android:name="com.google.android.gms.common.api.GoogleApiActivity"
132-->[com.google.android.gms:play-services-base:18.3.0] AndroidManifest.xml:20:19-85
133            android:exported="false"
133-->[com.google.android.gms:play-services-base:18.3.0] AndroidManifest.xml:22:19-43
134            android:theme="@android:style/Theme.Translucent.NoTitleBar" />
134-->[com.google.android.gms:play-services-base:18.3.0] AndroidManifest.xml:21:19-78
135
136        <meta-data
136-->[com.google.android.gms:play-services-basement:18.3.0] AndroidManifest.xml:21:9-23:69
137            android:name="com.google.android.gms.version"
137-->[com.google.android.gms:play-services-basement:18.3.0] AndroidManifest.xml:22:13-58
138            android:value="@integer/google_play_services_version" />
138-->[com.google.android.gms:play-services-basement:18.3.0] AndroidManifest.xml:23:13-66
139
140        <provider
140-->[androidx.lifecycle:lifecycle-process:2.7.0] AndroidManifest.xml:24:9-32:20
141            android:name="androidx.startup.InitializationProvider"
141-->[androidx.lifecycle:lifecycle-process:2.7.0] AndroidManifest.xml:25:13-67
142            android:authorities="com.example.base_project.androidx-startup"
142-->[androidx.lifecycle:lifecycle-process:2.7.0] AndroidManifest.xml:26:13-68
143            android:exported="false" >
143-->[androidx.lifecycle:lifecycle-process:2.7.0] AndroidManifest.xml:27:13-37
144            <meta-data
144-->[androidx.lifecycle:lifecycle-process:2.7.0] AndroidManifest.xml:29:13-31:52
145                android:name="androidx.lifecycle.ProcessLifecycleInitializer"
145-->[androidx.lifecycle:lifecycle-process:2.7.0] AndroidManifest.xml:30:17-78
146                android:value="androidx.startup" />
146-->[androidx.lifecycle:lifecycle-process:2.7.0] AndroidManifest.xml:31:17-49
147            <meta-data
147-->[androidx.profileinstaller:profileinstaller:1.3.1] AndroidManifest.xml:29:13-31:52
148                android:name="androidx.profileinstaller.ProfileInstallerInitializer"
148-->[androidx.profileinstaller:profileinstaller:1.3.1] AndroidManifest.xml:30:17-85
149                android:value="androidx.startup" />
149-->[androidx.profileinstaller:profileinstaller:1.3.1] AndroidManifest.xml:31:17-49
150        </provider>
151
152        <receiver
152-->[androidx.profileinstaller:profileinstaller:1.3.1] AndroidManifest.xml:34:9-52:20
153            android:name="androidx.profileinstaller.ProfileInstallReceiver"
153-->[androidx.profileinstaller:profileinstaller:1.3.1] AndroidManifest.xml:35:13-76
154            android:directBootAware="false"
154-->[androidx.profileinstaller:profileinstaller:1.3.1] AndroidManifest.xml:36:13-44
155            android:enabled="true"
155-->[androidx.profileinstaller:profileinstaller:1.3.1] AndroidManifest.xml:37:13-35
156            android:exported="true"
156-->[androidx.profileinstaller:profileinstaller:1.3.1] AndroidManifest.xml:38:13-36
157            android:permission="android.permission.DUMP" >
157-->[androidx.profileinstaller:profileinstaller:1.3.1] AndroidManifest.xml:39:13-57
158            <intent-filter>
158-->[androidx.profileinstaller:profileinstaller:1.3.1] AndroidManifest.xml:40:13-42:29
159                <action android:name="androidx.profileinstaller.action.INSTALL_PROFILE" />
159-->[androidx.profileinstaller:profileinstaller:1.3.1] AndroidManifest.xml:41:17-91
159-->[androidx.profileinstaller:profileinstaller:1.3.1] AndroidManifest.xml:41:25-88
160            </intent-filter>
161            <intent-filter>
161-->[androidx.profileinstaller:profileinstaller:1.3.1] AndroidManifest.xml:43:13-45:29
162                <action android:name="androidx.profileinstaller.action.SKIP_FILE" />
162-->[androidx.profileinstaller:profileinstaller:1.3.1] AndroidManifest.xml:44:17-85
162-->[androidx.profileinstaller:profileinstaller:1.3.1] AndroidManifest.xml:44:25-82
163            </intent-filter>
164            <intent-filter>
164-->[androidx.profileinstaller:profileinstaller:1.3.1] AndroidManifest.xml:46:13-48:29
165                <action android:name="androidx.profileinstaller.action.SAVE_PROFILE" />
165-->[androidx.profileinstaller:profileinstaller:1.3.1] AndroidManifest.xml:47:17-88
165-->[androidx.profileinstaller:profileinstaller:1.3.1] AndroidManifest.xml:47:25-85
166            </intent-filter>
167            <intent-filter>
167-->[androidx.profileinstaller:profileinstaller:1.3.1] AndroidManifest.xml:49:13-51:29
168                <action android:name="androidx.profileinstaller.action.BENCHMARK_OPERATION" />
168-->[androidx.profileinstaller:profileinstaller:1.3.1] AndroidManifest.xml:50:17-95
168-->[androidx.profileinstaller:profileinstaller:1.3.1] AndroidManifest.xml:50:25-92
169            </intent-filter>
170        </receiver>
171    </application>
172
173</manifest>